** Message: 15:05:16.441: factory.vala:42: Loading widget: title
** Message: 15:05:16.443: factory.vala:42: Loading widget: buttons-grid
** Message: 15:05:16.445: factory.vala:42: Loading widget: mpris
** Message: 15:05:16.446: factory.vala:42: Loading widget: volume

** (swaync:53524): WARNING **: 15:05:16.446: backlightUtil.vala:41: Could not find device /sys/class/backlight/intel_backlight/brightness

** Message: 15:05:16.447: factory.vala:42: Loading widget: backlight
** Message: 15:05:16.447: factory.vala:42: Loading widget: dnd

** (swaync:53524): WARNING **: 15:05:17.961: backlightUtil.vala:62: Could not find device /sys/class/backlight/intel_backlight/brightness


** (swaync:53524): WARNING **: 15:05:26.567: backlightUtil.vala:62: Could not find device /sys/class/backlight/intel_backlight/brightness


** (swaync:53524): WARNING **: 15:06:03.072: backlightUtil.vala:62: Could not find device /sys/class/backlight/intel_backlight/brightness

** Message: 15:06:28.357: factory.vala:42: Loading widget: title
** Message: 15:06:28.358: factory.vala:42: Loading widget: buttons-grid
** Message: 15:06:28.359: factory.vala:42: Loading widget: mpris
** Message: 15:06:28.361: factory.vala:42: Loading widget: volume

** (swaync:54022): WARNING **: 15:06:28.362: backlightUtil.vala:41: Could not find device /sys/class/backlight/intel_backlight/brightness

** Message: 15:06:28.364: factory.vala:42: Loading widget: backlight
** Message: 15:06:28.365: factory.vala:42: Loading widget: dnd

** (swaync:54022): WARNING **: 15:06:30.241: backlightUtil.vala:62: Could not find device /sys/class/backlight/intel_backlight/brightness


** (swaync:54022): WARNING **: 15:06:37.312: backlightUtil.vala:62: Could not find device /sys/class/backlight/intel_backlight/brightness

Gdk-Message: 16:14:50.161: Error reading events from display: Broken pipe
